2013-06-06 14:19:22.905+0000: WARNING! You are using an unsupported version of the Java runtime. Please use Oracle(R) Java(TM) Runtime Environment 6.
2013-06-06 14:19:23.514+0000: Creating new db @ D:\Mis Documentos\cole carlos\UNIVERSIDAD\Erasmus\PFC\Proyecto\Server\PruebaSpringWicket\data\graph.db\neostore
2013-06-06 14:19:24.076+0000: [D:\Mis Documentos\cole carlos\UNIVERSIDAD\Erasmus\PFC\Proyecto\Server\PruebaSpringWicket\data\graph.db\neostore.nodestore.db] brickCount=0 brickSize=41940b mappedMem=4194304b (storeSize=0b)
2013-06-06 14:19:24.119+0000: D:\Mis Documentos\cole carlos\UNIVERSIDAD\Erasmus\PFC\Proyecto\Server\PruebaSpringWicket\data\graph.db\neostore.nodestore.db hit=1 miss=0 switches=0 ooe=0
2013-06-06 14:19:25.844+0000: [D:\Mis Documentos\cole carlos\UNIVERSIDAD\Erasmus\PFC\Proyecto\Server\PruebaSpringWicket\data\graph.db\neostore.relationshiptypestore.db.names] brickCount=0 brickSize=0b mappedMem=0b (storeSize=38b)
2013-06-06 14:19:25.851+0000: [D:\Mis Documentos\cole carlos\UNIVERSIDAD\Erasmus\PFC\Proyecto\Server\PruebaSpringWicket\data\graph.db\neostore.relationshiptypestore.db] brickCount=0 brickSize=0b mappedMem=0b (storeSize=0b)
2013-06-06 14:19:25.885+0000: D:\Mis Documentos\cole carlos\UNIVERSIDAD\Erasmus\PFC\Proyecto\Server\PruebaSpringWicket\data\graph.db\neostore.relationshiptypestore.db.names hit=0 miss=0 switches=0 ooe=0
2013-06-06 14:19:26.045+0000: D:\Mis Documentos\cole carlos\UNIVERSIDAD\Erasmus\PFC\Proyecto\Server\PruebaSpringWicket\data\graph.db\neostore.relationshiptypestore.db hit=0 miss=0 switches=0 ooe=0
2013-06-06 14:19:26.192+0000: [D:\Mis Documentos\cole carlos\UNIVERSIDAD\Erasmus\PFC\Proyecto\Server\PruebaSpringWicket\data\graph.db\neostore.relationshiptypestore.db.names] brickCount=0 brickSize=0b mappedMem=0b (storeSize=38b)
2013-06-06 14:19:26.193+0000: [D:\Mis Documentos\cole carlos\UNIVERSIDAD\Erasmus\PFC\Proyecto\Server\PruebaSpringWicket\data\graph.db\neostore.relationshiptypestore.db] brickCount=0 brickSize=0b mappedMem=0b (storeSize=0b)
2013-06-06 14:19:26.194+0000: [D:\Mis Documentos\cole carlos\UNIVERSIDAD\Erasmus\PFC\Proyecto\Server\PruebaSpringWicket\data\graph.db\neostore.propertystore.db.strings] brickCount=0 brickSize=12544b mappedMem=12582912b (storeSize=128b)
2013-06-06 14:19:26.195+0000: [D:\Mis Documentos\cole carlos\UNIVERSIDAD\Erasmus\PFC\Proyecto\Server\PruebaSpringWicket\data\graph.db\neostore.propertystore.db.index.keys] brickCount=0 brickSize=1026b mappedMem=1048576b (storeSize=38b)
2013-06-06 14:19:26.198+0000: [D:\Mis Documentos\cole carlos\UNIVERSIDAD\Erasmus\PFC\Proyecto\Server\PruebaSpringWicket\data\graph.db\neostore.propertystore.db.index] brickCount=0 brickSize=10485b mappedMem=1048576b (storeSize=0b)
2013-06-06 14:19:26.201+0000: [D:\Mis Documentos\cole carlos\UNIVERSIDAD\Erasmus\PFC\Proyecto\Server\PruebaSpringWicket\data\graph.db\neostore.propertystore.db.arrays] brickCount=0 brickSize=14592b mappedMem=14680064b (storeSize=128b)
2013-06-06 14:19:26.207+0000: [D:\Mis Documentos\cole carlos\UNIVERSIDAD\Erasmus\PFC\Proyecto\Server\PruebaSpringWicket\data\graph.db\neostore.propertystore.db] brickCount=0 brickSize=157276b mappedMem=15728640b (storeSize=0b)
2013-06-06 14:19:26.210+0000: [D:\Mis Documentos\cole carlos\UNIVERSIDAD\Erasmus\PFC\Proyecto\Server\PruebaSpringWicket\data\graph.db\neostore.relationshipstore.db] brickCount=0 brickSize=188727b mappedMem=18874368b (storeSize=0b)
2013-06-06 14:19:26.211+0000: [D:\Mis Documentos\cole carlos\UNIVERSIDAD\Erasmus\PFC\Proyecto\Server\PruebaSpringWicket\data\graph.db\neostore.nodestore.db] brickCount=0 brickSize=4194b mappedMem=4194304b (storeSize=9b)
2013-06-06 14:19:26.212+0000: [D:\Mis Documentos\cole carlos\UNIVERSIDAD\Erasmus\PFC\Proyecto\Server\PruebaSpringWicket\data\graph.db\neostore] brickCount=0 brickSize=0b mappedMem=0b (storeSize=0b)
2013-06-06 14:19:26.274+0000: D:\Mis Documentos\cole carlos\UNIVERSIDAD\Erasmus\PFC\Proyecto\Server\PruebaSpringWicket\data\graph.db\neostore.relationshiptypestore.db.names hit=0 miss=0 switches=0 ooe=0
2013-06-06 14:19:26.581+0000: D:\Mis Documentos\cole carlos\UNIVERSIDAD\Erasmus\PFC\Proyecto\Server\PruebaSpringWicket\data\graph.db\neostore.relationshiptypestore.db hit=0 miss=0 switches=0 ooe=0
2013-06-06 14:19:26.801+0000: D:\Mis Documentos\cole carlos\UNIVERSIDAD\Erasmus\PFC\Proyecto\Server\PruebaSpringWicket\data\graph.db\neostore.propertystore.db.strings hit=0 miss=0 switches=0 ooe=0
2013-06-06 14:19:26.989+0000: D:\Mis Documentos\cole carlos\UNIVERSIDAD\Erasmus\PFC\Proyecto\Server\PruebaSpringWicket\data\graph.db\neostore.propertystore.db.index.keys hit=0 miss=0 switches=0 ooe=0
2013-06-06 14:19:27.234+0000: D:\Mis Documentos\cole carlos\UNIVERSIDAD\Erasmus\PFC\Proyecto\Server\PruebaSpringWicket\data\graph.db\neostore.propertystore.db.index hit=0 miss=0 switches=0 ooe=0
2013-06-06 14:19:27.521+0000: D:\Mis Documentos\cole carlos\UNIVERSIDAD\Erasmus\PFC\Proyecto\Server\PruebaSpringWicket\data\graph.db\neostore.propertystore.db.arrays hit=0 miss=0 switches=0 ooe=0
2013-06-06 14:19:27.678+0000: D:\Mis Documentos\cole carlos\UNIVERSIDAD\Erasmus\PFC\Proyecto\Server\PruebaSpringWicket\data\graph.db\neostore.propertystore.db hit=0 miss=0 switches=0 ooe=0
2013-06-06 14:19:27.834+0000: D:\Mis Documentos\cole carlos\UNIVERSIDAD\Erasmus\PFC\Proyecto\Server\PruebaSpringWicket\data\graph.db\neostore.relationshipstore.db hit=0 miss=0 switches=0 ooe=0
2013-06-06 14:19:27.990+0000: D:\Mis Documentos\cole carlos\UNIVERSIDAD\Erasmus\PFC\Proyecto\Server\PruebaSpringWicket\data\graph.db\neostore.nodestore.db hit=0 miss=0 switches=0 ooe=0
2013-06-06 14:19:28.156+0000: D:\Mis Documentos\cole carlos\UNIVERSIDAD\Erasmus\PFC\Proyecto\Server\PruebaSpringWicket\data\graph.db\neostore hit=0 miss=8 switches=0 ooe=0
2013-06-06 14:19:28.302+0000: [D:\Mis Documentos\cole carlos\UNIVERSIDAD\Erasmus\PFC\Proyecto\Server\PruebaSpringWicket\data\graph.db\neostore.relationshiptypestore.db.names] brickCount=0 brickSize=0b mappedMem=0b (storeSize=38b)
2013-06-06 14:19:28.303+0000: [D:\Mis Documentos\cole carlos\UNIVERSIDAD\Erasmus\PFC\Proyecto\Server\PruebaSpringWicket\data\graph.db\neostore.relationshiptypestore.db] brickCount=0 brickSize=0b mappedMem=0b (storeSize=0b)
2013-06-06 14:19:28.304+0000: [D:\Mis Documentos\cole carlos\UNIVERSIDAD\Erasmus\PFC\Proyecto\Server\PruebaSpringWicket\data\graph.db\neostore.propertystore.db.strings] brickCount=0 brickSize=12544b mappedMem=12582912b (storeSize=128b)
2013-06-06 14:19:28.304+0000: [D:\Mis Documentos\cole carlos\UNIVERSIDAD\Erasmus\PFC\Proyecto\Server\PruebaSpringWicket\data\graph.db\neostore.propertystore.db.index.keys] brickCount=0 brickSize=1026b mappedMem=1048576b (storeSize=38b)
2013-06-06 14:19:28.305+0000: [D:\Mis Documentos\cole carlos\UNIVERSIDAD\Erasmus\PFC\Proyecto\Server\PruebaSpringWicket\data\graph.db\neostore.propertystore.db.index] brickCount=0 brickSize=10485b mappedMem=1048576b (storeSize=0b)
2013-06-06 14:19:28.306+0000: [D:\Mis Documentos\cole carlos\UNIVERSIDAD\Erasmus\PFC\Proyecto\Server\PruebaSpringWicket\data\graph.db\neostore.propertystore.db.arrays] brickCount=0 brickSize=14592b mappedMem=14680064b (storeSize=128b)
2013-06-06 14:19:28.307+0000: [D:\Mis Documentos\cole carlos\UNIVERSIDAD\Erasmus\PFC\Proyecto\Server\PruebaSpringWicket\data\graph.db\neostore.propertystore.db] brickCount=0 brickSize=157276b mappedMem=15728640b (storeSize=0b)
2013-06-06 14:19:28.308+0000: [D:\Mis Documentos\cole carlos\UNIVERSIDAD\Erasmus\PFC\Proyecto\Server\PruebaSpringWicket\data\graph.db\neostore.relationshipstore.db] brickCount=0 brickSize=188727b mappedMem=18874368b (storeSize=0b)
2013-06-06 14:19:28.309+0000: [D:\Mis Documentos\cole carlos\UNIVERSIDAD\Erasmus\PFC\Proyecto\Server\PruebaSpringWicket\data\graph.db\neostore.nodestore.db] brickCount=0 brickSize=4194b mappedMem=4194304b (storeSize=9b)
2013-06-06 14:19:28.310+0000: [D:\Mis Documentos\cole carlos\UNIVERSIDAD\Erasmus\PFC\Proyecto\Server\PruebaSpringWicket\data\graph.db\neostore] brickCount=0 brickSize=0b mappedMem=0b (storeSize=54b)
2013-06-06 14:19:28.341+0000: Opened logical log [D:\Mis Documentos\cole carlos\UNIVERSIDAD\Erasmus\PFC\Proyecto\Server\PruebaSpringWicket\data\graph.db\nioneo_logical.log.1] version=0, lastTxId=1 (clean)
2013-06-06 14:19:28.536+0000: TM new log: tm_tx_log.1
2013-06-06 14:19:28.695+0000: Opened logical log [D:\Mis Documentos\cole carlos\UNIVERSIDAD\Erasmus\PFC\Proyecto\Server\PruebaSpringWicket\data\graph.db\index\lucene.log.1] version=0, lastTxId=1 (clean)
2013-06-06 14:19:28.747+0000: --- STARTUP diagnostics START ---
2013-06-06 14:19:28.790+0000: Neo4j Kernel properties:
    forced_kernel_id=
    read_only=false
    neo4j.ext.udc.host=udc.neo4j.org
    logical_log=nioneo_logical.log
    node_auto_indexing=false
    intercept_committing_transactions=false
    cache_type=soft
    intercept_deserialized_transactions=false
    lucene_searcher_cache_size=2147483647
    neo4j.ext.udc.interval=86400000
    use_memory_mapped_buffers=false
    rebuild_idgenerators_fast=true
    neostore.propertystore.db.index.keys.mapped_memory=1M
    neostore.propertystore.db.arrays.mapped_memory=14M
    neostore.propertystore.db.strings.mapped_memory=12M
    log_mapped_memory_stats_filename=mapped_memory_stats.log
    log_mapped_memory_stats_interval=1000000
    gcr_cache_min_log_interval=60s
    relationship_grab_size=100
    relationship_auto_indexing=false
    node_cache_array_fraction=1.0
    allow_store_upgrade=false
    execution_guard_enabled=false
    relationship_cache_array_fraction=1.0
    remote_logging_host=127.0.0.1
    store_dir=D:/Mis Documentos/cole carlos/UNIVERSIDAD/Erasmus/PFC/Proyecto/Server/PruebaSpringWicket/Data/graph.db
    online_backup_enabled=false
    remote_logging_port=4560
    gc_monitor_threshold=200ms
    array_block_size=120
    load_kernel_extensions=true
    neostore.relationshipstore.db.mapped_memory=18M
    keep_logical_logs=true
    dump_configuration=false
    gc_monitor_wait_time=100ms
    neostore.nodestore.db.mapped_memory=4M
    neo4j.ext.udc.first_delay=600000
    neo4j.ext.udc.reg=unreg
    ephemeral=false
    log_mapped_memory_stats=false
    neo_store=neostore
    mapped_memory_page_size=1M
    query_cache_size=100
    logging.threshold_for_rotation=104857600
    neostore.propertystore.db.index.mapped_memory=1M
    backup_slave=false
    neostore.propertystore.db.mapped_memory=15M
    string_block_size=120
    grab_file_lock=true
    remote_logging_enabled=false
    neo4j.ext.udc.enabled=true
    all_stores_total_mapped_memory_size=500M
    online_backup_port=6362
2013-06-06 14:19:28.798+0000: Diagnostics providers:
    org.neo4j.kernel.configuration.Config
    org.neo4j.kernel.info.DiagnosticsManager
    SYSTEM_MEMORY
    JAVA_MEMORY
    OPERATING_SYSTEM
    JAVA_VIRTUAL_MACHINE
    CLASSPATH
    LIBRARY_PATH
    SYSTEM_PROPERTIES
    NETWORK
2013-06-06 14:19:28.799+0000: System memory information:
    Total Physical memory: 1,99 GB
    Free Physical memory: 456,00 MB
    Committed virtual memory: 46,18 MB
    Total swap space: 3,98 GB
    Free swap space: 873,36 MB
2013-06-06 14:19:28.816+0000: JVM memory information:
    Free  memory: 10,51 MB
    Total memory: 15,50 MB
    Max   memory: 247,50 MB
    Garbage Collector: Copy: [Eden Space, Survivor Space]
    Garbage Collector: MarkSweepCompact: [Eden Space, Survivor Space, Tenured Gen, Perm Gen, Perm Gen [shared-ro], Perm Gen [shared-rw]]
    Memory Pool: Code Cache (Non-heap memory): committed=800,00 kB, used=794,19 kB, max=32,00 MB, threshold=0,00 B
    Memory Pool: Eden Space (Heap memory): committed=4,31 MB, used=3,05 MB, max=68,31 MB, threshold=?
    Memory Pool: Survivor Space (Heap memory): committed=512,00 kB, used=400,61 kB, max=8,50 MB, threshold=?
    Memory Pool: Tenured Gen (Heap memory): committed=10,69 MB, used=1,62 MB, max=170,69 MB, threshold=0,00 B
    Memory Pool: Perm Gen (Non-heap memory): committed=12,00 MB, used=2,51 MB, max=64,00 MB, threshold=0,00 B
    Memory Pool: Perm Gen [shared-ro] (Non-heap memory): committed=10,00 MB, used=4,51 MB, max=10,00 MB, threshold=0,00 B
    Memory Pool: Perm Gen [shared-rw] (Non-heap memory): committed=12,00 MB, used=6,50 MB, max=12,00 MB, threshold=0,00 B
2013-06-06 14:19:28.878+0000: Operating system information:
    Operating System: Windows 7; version: 6.1; arch: x86; cpus: 2
    Process id: 4812@Carlos-Portatil
    Byte order: LITTLE_ENDIAN
    Local timezone: Europe/Paris
2013-06-06 14:19:28.981+0000: JVM information:
    VM Name: Java HotSpot(TM) Client VM
    VM Vendor: Oracle Corporation
    VM Version: 21.0-b17
    JIT compiler: HotSpot Client Compiler
    VM Arguments: [-Dfile.encoding=Cp1252]
2013-06-06 14:19:29.019+0000: Java classpath:
     [classpath + loader.0] file:/C:/Users/Carlos/.m2/repository/com/google/code/gson/gson/2.0/gson-2.0.jar
     [classpath + loader.0] file:/C:/Users/Carlos/.m2/repository/org/neo4j/neo4j-graph-matching/1.8.2/neo4j-graph-matching-1.8.2.jar
     [classpath + loader.0] file:/C:/Users/Carlos/.m2/repository/com/sun/jersey/jersey-json/1.8/jersey-json-1.8.jar
     [classpath + loader.0] file:/C:/Users/Carlos/.m2/repository/org/eclipse/jetty/orbit/javax.servlet/2.5.0.v201103041518/javax.servlet-2.5.0.v201103041518.jar
     [classpath + loader.0] file:/C:/Users/Carlos/.m2/repository/org/eclipse/jetty/orbit/javax.activation/1.1.0.v201105071233/javax.activation-1.1.0.v201105071233.jar
     [classpath + loader.0] file:/C:/Users/Carlos/.m2/repository/com/sun/jersey/jersey-server/1.8/jersey-server-1.8.jar
     [classpath + loader.0] file:/C:/Users/Carlos/.m2/repository/junit/junit/4.10/junit-4.10.jar
     [classpath] D:\Mis Documentos\cole carlos\UNIVERSIDAD\Erasmus\PFC\Proyecto\Server\PruebaSpringWicket\target\classes
     [classpath + loader.0] file:/C:/Users/Carlos/.m2/repository/org/eclipse/jetty/orbit/javax.security.auth.message/1.0.0.v201108011116/javax.security.auth.message-1.0.0.v201108011116.jar
     [classpath + loader.0] file:/C:/Users/Carlos/.m2/repository/org/codehaus/jackson/jackson-mapper-asl/1.7.1/jackson-mapper-asl-1.7.1.jar
     [classpath + loader.0] file:/C:/Users/Carlos/.m2/repository/org/apache/geronimo/specs/geronimo-jta_1.1_spec/1.1.1/geronimo-jta_1.1_spec-1.1.1.jar
     [bootstrap] C:\Archivos de programa\Java\jdk1.7.0\jre\lib\jce.jar
     [classpath + loader.0] file:/C:/Users/Carlos/.m2/repository/org/neo4j/neo4j-jmx/1.8.2/neo4j-jmx-1.8.2.jar
     [loader.0] file:/D:/Mis%20Documentos/cole%20carlos/UNIVERSIDAD/Escenario%20de%20Trabajo/eclipse/configuration/org.eclipse.osgi/bundles/347/1/.cp/
     [classpath + loader.0] file:/C:/Users/Carlos/.m2/repository/javax/activation/activation/1.1/activation-1.1.jar
     [classpath + loader.0] file:/C:/Users/Carlos/.m2/repository/org/codehaus/jackson/jackson-jaxrs/1.7.1/jackson-jaxrs-1.7.1.jar
     [bootstrap] C:\Archivos de programa\Java\jdk1.7.0\jre\lib\sunrsasign.jar
     [classpath + loader.0] file:/C:/Users/Carlos/.m2/repository/org/neo4j/neo4j-graph-algo/1.8.2/neo4j-graph-algo-1.8.2.jar
     [bootstrap] C:\Archivos de programa\Java\jdk1.7.0\jre\lib\resources.jar
     [classpath + loader.0] file:/C:/Users/Carlos/.m2/repository/org/json/json/20090211/json-20090211.jar
     [classpath + loader.0] file:/C:/Users/Carlos/.m2/repository/org/codehaus/jackson/jackson-core-asl/1.7.1/jackson-core-asl-1.7.1.jar
     [classpath] D:\Mis Documentos\cole carlos\UNIVERSIDAD\Escenario de Trabajo\eclipse\configuration\org.eclipse.osgi\bundles\347\1\.cp
     [classpath + loader.0] file:/C:/Users/Carlos/.m2/repository/org/neo4j/neo4j-udc/1.8.2/neo4j-udc-1.8.2.jar
     [loader.0] file:/D:/Mis%20Documentos/cole%20carlos/UNIVERSIDAD/Erasmus/PFC/Proyecto/Server/PruebaSpringWicket/target/test-classes/
     [bootstrap] C:\Archivos de programa\Java\jdk1.7.0\jre\lib\charsets.jar
     [loader.1] file:/C:/Archivos%20de%20programa/Java/jdk1.7.0/jre/lib/ext/sunmscapi.jar
     [loader.1] file:/C:/Archivos%20de%20programa/Java/jdk1.7.0/jre/lib/ext/localedata.jar
     [classpath + loader.0] file:/C:/Users/Carlos/.m2/repository/org/codehaus/jettison/jettison/1.1/jettison-1.1.jar
     [classpath] D:\Mis Documentos\cole carlos\UNIVERSIDAD\Escenario de Trabajo\eclipse\configuration\org.eclipse.osgi\bundles\910\1\.cp
     [classpath] D:\Mis Documentos\cole carlos\UNIVERSIDAD\Erasmus\PFC\Proyecto\Server\PruebaSpringWicket\target\test-classes
     [classpath + loader.0] file:/C:/Users/Carlos/.m2/repository/org/neo4j/neo4j-kernel/1.8.2/neo4j-kernel-1.8.2.jar
     [loader.1] file:/C:/Archivos%20de%20programa/Java/jdk1.7.0/jre/lib/ext/zipfs.jar
     [classpath + loader.0] file:/C:/Users/Carlos/.m2/repository/com/sun/xml/bind/jaxb-impl/2.2.3-1/jaxb-impl-2.2.3-1.jar
     [classpath + loader.0] file:/C:/Users/Carlos/.m2/repository/com/sun/jersey/jersey-client/1.8/jersey-client-1.8.jar
     [classpath + loader.0] file:/C:/Users/Carlos/.m2/repository/org/codehaus/jackson/jackson-xc/1.7.1/jackson-xc-1.7.1.jar
     [classpath + loader.0] file:/C:/Users/Carlos/.m2/repository/javax/xml/stream/stax-api/1.0-2/stax-api-1.0-2.jar
     [classpath + loader.0] file:/C:/Users/Carlos/.m2/repository/log4j/log4j/1.2.16/log4j-1.2.16.jar
     [classpath + loader.0] file:/C:/Users/Carlos/.m2/repository/org/neo4j/neo4j/1.8.2/neo4j-1.8.2.jar
     [classpath + loader.0] file:/C:/Users/Carlos/.m2/repository/org/neo4j/neo4j-cypher/1.8.2/neo4j-cypher-1.8.2.jar
     [bootstrap] C:\Archivos de programa\Java\jdk1.7.0\jre\lib\rt.jar
     [loader.1] file:/C:/Archivos%20de%20programa/Java/jdk1.7.0/jre/lib/ext/sunjce_provider.jar
     [classpath + loader.0] file:/C:/Users/Carlos/.m2/repository/org/eclipse/jetty/aggregate/jetty-all-server/7.6.3.v20120416/jetty-all-server-7.6.3.v20120416.jar
     [classpath + loader.0] file:/C:/Users/Carlos/.m2/repository/javax/xml/bind/jaxb-api/2.2.2/jaxb-api-2.2.2.jar
     [classpath + loader.0] file:/C:/Users/Carlos/.m2/repository/org/neo4j/neo4j-kernel/1.8.2/neo4j-kernel-1.8.2-tests.jar
     [classpath + loader.0] file:/C:/Users/Carlos/.m2/repository/stax/stax-api/1.0.1/stax-api-1.0.1.jar
     [classpath + loader.0] file:/C:/Users/Carlos/.m2/repository/org/apache/httpcomponents/httpcore/4.0-beta2/httpcore-4.0-beta2.jar
     [classpath + loader.0] file:/C:/Users/Carlos/.m2/repository/org/apache/wicket/wicket-core/6.7.0/wicket-core-6.7.0.jar
     [classpath + loader.0] file:/C:/Users/Carlos/.m2/repository/org/apache/httpcomponents/httpclient/4.0-beta1/httpclient-4.0-beta1.jar
     [loader.1] file:/C:/Archivos%20de%20programa/Java/jdk1.7.0/jre/lib/ext/sunpkcs11.jar
     [classpath + loader.0] file:/C:/Users/Carlos/.m2/repository/org/apache/lucene/lucene-core/3.5.0/lucene-core-3.5.0.jar
     [classpath + loader.0] file:/C:/Users/Carlos/.m2/repository/org/eclipse/jetty/orbit/javax.annotation/1.1.0.v201108011116/javax.annotation-1.1.0.v201108011116.jar
     [bootstrap] C:\Archivos de programa\Java\jdk1.7.0\jre\classes
     [classpath + loader.0] file:/C:/Users/Carlos/.m2/repository/org/apache/wicket/wicket-request/6.7.0/wicket-request-6.7.0.jar
     [classpath + loader.0] file:/C:/Users/Carlos/.m2/repository/commons-logging/commons-logging/1.1.1/commons-logging-1.1.1.jar
     [loader.0] file:/D:/Mis%20Documentos/cole%20carlos/UNIVERSIDAD/Erasmus/PFC/Proyecto/Server/PruebaSpringWicket/target/classes/
     [classpath + loader.0] file:/C:/Users/Carlos/.m2/repository/org/scala-lang/scala-library/2.9.1-1/scala-library-2.9.1-1.jar
     [loader.0] file:/D:/Mis%20Documentos/cole%20carlos/UNIVERSIDAD/Escenario%20de%20Trabajo/eclipse/configuration/org.eclipse.osgi/bundles/910/1/.cp/
     [classpath + loader.0] file:/C:/Users/Carlos/.m2/repository/org/eclipse/jetty/orbit/javax.mail.glassfish/1.4.1.v201005082020/javax.mail.glassfish-1.4.1.v201005082020.jar
     [classpath + loader.0] file:/C:/Users/Carlos/.m2/repository/com/sun/jersey/jersey-core/1.8/jersey-core-1.8.jar
     [classpath + loader.0] file:/C:/Users/Carlos/.m2/repository/asm/asm/3.1/asm-3.1.jar
     [loader.1] file:/C:/Archivos%20de%20programa/Java/jdk1.7.0/jre/lib/ext/dnsns.jar
     [classpath + loader.0] file:/C:/Users/Carlos/.m2/repository/com/googlecode/concurrentlinkedhashmap/concurrentlinkedhashmap-lru/1.3.1/concurrentlinkedhashmap-lru-1.3.1.jar
     [classpath + loader.0] file:/C:/Users/Carlos/.m2/repository/org/apache/wicket/wicket-util/6.7.0/wicket-util-6.7.0.jar
     [classpath + loader.0] file:/C:/Users/Carlos/.m2/repository/org/hamcrest/hamcrest-core/1.1/hamcrest-core-1.1.jar
     [loader.1] file:/C:/Archivos%20de%20programa/Java/jdk1.7.0/jre/lib/ext/sunec.jar
     [classpath + loader.0] file:/C:/Users/Carlos/.m2/repository/org/slf4j/slf4j-log4j12/1.6.4/slf4j-log4j12-1.6.4.jar
     [bootstrap] C:\Archivos de programa\Java\jdk1.7.0\jre\lib\jsse.jar
     [classpath + loader.0] file:/C:/Users/Carlos/.m2/repository/org/neo4j/neo4j-lucene-index/1.8.2/neo4j-lucene-index-1.8.2.jar
     [classpath + loader.0] file:/C:/Users/Carlos/.m2/repository/commons-codec/commons-codec/1.3/commons-codec-1.3.jar
     [classpath + loader.0] file:/C:/Users/Carlos/.m2/repository/org/slf4j/slf4j-api/1.6.4/slf4j-api-1.6.4.jar
2013-06-06 14:19:29.082+0000: Library path:
    C:\Archivos de programa\Java\jdk1.7.0\bin
    C:\Windows\Sun\Java\bin
    C:\Windows\System32
    C:\Windows
    C:\Program Files\Common Files\microsoft shared\Windows Live
    C:\Windows\System32
    C:\Windows
    C:\Windows\System32\wbem
    C:\Windows\System32\WindowsPowerShell\v1.0
    C:\Program Files\TOSHIBA\Bluetooth Toshiba Stack\sys
    C:\Program Files\Calibre2
    C:\Program Files\QuickTime\QTSystem
    C:\Program Files\MATLAB\R2009a\bin
    C:\Program Files\MATLAB\R2009a\bin\win32
    C:\Program Files\Windows Live\Shared
    C:\Program Files\SSH Communications Security\SSH Secure Shell
    C:\Program Files\Common Files\Ahead\Lib
    C:\Program Files\Common Files\Ahead\Lib
    D:\Mis Documentos\cole carlos\UNIVERSIDAD\Erasmus\PFC\Proyecto\Server\PruebaSpringWicket
2013-06-06 14:19:29.145+0000: System.properties:
    sun.boot.library.path = C:\Archivos de programa\Java\jdk1.7.0\jre\bin
    path.separator = ;
    file.encoding.pkg = sun.io
    user.country = ES
    user.script = 
    sun.java.launcher = SUN_STANDARD
    sun.os.patch.level = Service Pack 1
    user.dir = D:\Mis Documentos\cole carlos\UNIVERSIDAD\Erasmus\PFC\Proyecto\Server\PruebaSpringWicket
    user.variant = 
    sun.jnu.encoding = Cp1252
    sun.management.compiler = HotSpot Client Compiler
    user.home = C:\Users\Carlos
    user.timezone = Europe/Paris
    file.encoding = Cp1252
    user.name = Carlos
    sun.java.command = org.eclipse.jdt.internal.junit.runner.RemoteTestRunner -version 3 -port 53660 -testLoaderClass org.eclipse.jdt.internal.junit4.runner.JUnit4TestLoader -loaderpluginname org.eclipse.jdt.junit4.runtime -classNames dao.TestServices
    sun.arch.data.model = 32
    user.language = es
    awt.toolkit = sun.awt.windows.WToolkit
    file.separator = \
    sun.io.unicode.encoding = UnicodeLittle
    sun.cpu.endian = little
    sun.desktop = windows
    sun.cpu.isalist = pentium_pro+mmx pentium_pro pentium+mmx pentium i486 i386 i86
2013-06-06 14:19:29.163+0000: Network information:
    Interface Software Loopback Interface 1:
        address: 127.0.0.1
        address: 0:0:0:0:0:0:0:1
    Interface WAN Miniport (SSTP):
    Interface WAN Miniport (L2TP):
    Interface WAN Miniport (PPTP):
    Interface WAN Miniport (PPPOE):
    Interface WAN Miniport (IPv6):
    Interface WAN Miniport (Network Monitor):
    Interface WAN Miniport (IP):
    Interface RAS Async Adapter:
    Interface Intel(R) Wireless WiFi Link 4965AGN:
        address: 192.168.1.3
        address: fe80:0:0:0:6c:f0ab:96aa:70cf%10
    Interface Controladora Ethernet Gigabit PCI-E 88E8072 Marvell Yukon:
        address: fe80:0:0:0:cc53:79c8:31e3:5c7d%11
    Interface Teredo Tunneling Pseudo-Interface:
        address: fe80:0:0:0:0:100:7f:fffe%12
    Interface Bluetooth Personal Area Network:
    Interface Adaptador 6to4 de Microsoft #2:
    Interface Adaptador ISATAP de Microsoft #2:
        address: fe80:0:0:0:0:5efe:c0a8:3801%15
    Interface Bluetooth Personal Area Network - VirtualBox Bridged Networking Driver Miniport:
    Interface Controladora Ethernet Gigabit PCI-E 88E8072 Marvell Yukon - VirtualBox Bridged Networking Driver Miniport:
    Interface Intel(R) Wireless WiFi Link 4965AGN - VirtualBox Bridged Networking Driver Miniport:
    Interface VirtualBox Host-Only Ethernet Adapter:
        address: 192.168.56.1
        address: fe80:0:0:0:282d:c833:e97:cbb2%19
    Interface WAN Miniport (IKEv2):
    Interface Adaptador ISATAP de Microsoft:
    Interface Adaptador ISATAP de Microsoft #3:
    Interface Adaptador ISATAP de Microsoft #3:
    Interface Adaptador ISATAP de Microsoft #3:
    Interface Adaptador ISATAP de Microsoft #4:
    Interface Adaptador ISATAP de Microsoft #3:
    Interface Adaptador ISATAP de Microsoft #3:
    Interface Adaptador ISATAP de Microsoft #3:
        address: fe80:0:0:0:0:5efe:c0a8:103%28
    Interface Controladora Ethernet Gigabit PCI-E 88E8072 Marvell Yukon - VirtualBox Bridged Networking Driver Miniport-QoS Packet Scheduler-0000:
    Interface Controladora Ethernet Gigabit PCI-E 88E8072 Marvell Yukon - VirtualBox Bridged Networking Driver Miniport-WFP LightWeight Filter-0000:
    Interface VirtualBox Host-Only Ethernet Adapter-QoS Packet Scheduler-0000:
    Interface VirtualBox Host-Only Ethernet Adapter-WFP LightWeight Filter-0000:
    Interface WAN Miniport (IPv6)-QoS Packet Scheduler-0000:
    Interface WAN Miniport (IP)-QoS Packet Scheduler-0000:
    Interface WAN Miniport (Network Monitor)-QoS Packet Scheduler-0000:
    Interface Intel(R) Wireless WiFi Link 4965AGN-Native WiFi Filter Driver-0000:
    Interface Intel(R) Wireless WiFi Link 4965AGN - VirtualBox Bridged Networking Driver Miniport-QoS Packet Scheduler-0000:
    Interface Intel(R) Wireless WiFi Link 4965AGN - VirtualBox Bridged Networking Driver Miniport-WFP LightWeight Filter-0000:
2013-06-06 14:19:29.445+0000: --- STARTUP diagnostics END ---
2013-06-06 14:19:29.489+0000: Recovery completed, all transactions have been resolved to a consistent state.
2013-06-06 14:19:29.879+0000: Extension org.neo4j.kernel.KernelExtension[kernel jmx] loaded ok
2013-06-06 14:19:29.880+0000: Extension org.neo4j.kernel.KernelExtension[dummy] loaded ok
2013-06-06 14:19:29.880+0000: Extension org.neo4j.kernel.KernelExtension[other dummy] loaded ok
2013-06-06 14:19:29.926+0000: Extension org.neo4j.kernel.KernelExtension[kernel udc] loaded ok
2013-06-06 14:19:29.933+0000: --- STARTUP diagnostics for KernelDiagnostics:Versions START ---
2013-06-06 14:19:29.933+0000: Graph Database: org.neo4j.kernel.EmbeddedGraphDatabase StoreId[time:1370528363518, id:-7813646209140135028, store version: 13561656364791302]
2013-06-06 14:19:29.933+0000: Kernel version: Neo4j - Graph Database Kernel 1.8.2
2013-06-06 14:19:29.933+0000: Neo4j component versions:
2013-06-06 14:19:29.935+0000:   Neo4j - Graph Database Kernel 1.8.2
2013-06-06 14:19:29.935+0000: --- STARTUP diagnostics for KernelDiagnostics:Versions END ---
2013-06-06 14:19:29.966+0000: --- STARTUP diagnostics for NEO_STORE_VERSIONS START ---
2013-06-06 14:19:29.967+0000: Store versions:
    Store versions:
      NeoStore v0.A.0
      NodeStore v0.A.0
      RelationshipStore v0.A.0
      RelationshipTypeStore v0.A.0
      PropertyStore v0.A.0
      PropertyIndexStore v0.A.0
      StringPropertyStore v0.A.0
      ArrayPropertyStore v0.A.0
2013-06-06 14:19:29.967+0000: --- STARTUP diagnostics for NEO_STORE_VERSIONS END ---
2013-06-06 14:19:29.968+0000: --- STARTUP diagnostics for NEO_STORE_ID_USAGE START ---
2013-06-06 14:19:29.968+0000: Id usage:
    Id usage:
      NodeStore: used=1 high=0
      RelationshipStore: used=0 high=-1
      RelationshipTypeStore: used=0 high=-1
      PropertyStore: used=0 high=-1
      PropertyIndexStore: used=0 high=-1
      StringPropertyStore: used=1 high=0
      ArrayPropertyStore: used=1 high=0
2013-06-06 14:19:29.969+0000: --- STARTUP diagnostics for NEO_STORE_ID_USAGE END ---
2013-06-06 14:19:29.969+0000: --- STARTUP diagnostics for PERSISTENCE_WINDOW_POOL_STATS START ---
2013-06-06 14:19:29.969+0000: --- STARTUP diagnostics for PERSISTENCE_WINDOW_POOL_STATS END ---
2013-06-06 14:19:29.969+0000: --- STARTUP diagnostics for KernelDiagnostics:StoreFiles START ---
2013-06-06 14:19:29.974+0000: Disk space on partition (Total / Free / Free %): 152043515904 / 16434958336 / 89
Storage files: (filename : modification date - size)
      active_tx_log: 2013-06-06T16:19:28+0200 - 11,00 B
      index:
        lucene-store.db: 2013-06-06T16:19:28+0200 - 40,00 B
        lucene.log.1: 2013-06-06T16:19:29+0200 - 16,00 B
        lucene.log.active: 2013-06-06T16:19:28+0200 - 4,00 B
      - Total: 2013-06-06T16:19:28+0200 - 60,00 B
      lock: 2013-06-06T16:19:28+0200 - 0,00 B
      messages.log: 2013-06-06T16:19:29+0200 - 27,59 kB
      neostore: 2013-06-06T16:19:28+0200 - 54,00 B
      neostore.id: 2013-06-06T16:19:28+0200 - 9,00 B
      neostore.nodestore.db: 2013-06-06T16:19:28+0200 - 9,00 B
      neostore.nodestore.db.id: 2013-06-06T16:19:28+0200 - 9,00 B
      neostore.propertystore.db: 2013-06-06T16:19:28+0200 - 0,00 B
      neostore.propertystore.db.arrays: 2013-06-06T16:19:28+0200 - 128,00 B
      neostore.propertystore.db.arrays.id: 2013-06-06T16:19:27+0200 - 9,00 B
      neostore.propertystore.db.id: 2013-06-06T16:19:27+0200 - 9,00 B
      neostore.propertystore.db.index: 2013-06-06T16:19:28+0200 - 0,00 B
      neostore.propertystore.db.index.id: 2013-06-06T16:19:27+0200 - 9,00 B
      neostore.propertystore.db.index.keys: 2013-06-06T16:19:28+0200 - 38,00 B
      neostore.propertystore.db.index.keys.id: 2013-06-06T16:19:27+0200 - 9,00 B
      neostore.propertystore.db.strings: 2013-06-06T16:19:28+0200 - 128,00 B
      neostore.propertystore.db.strings.id: 2013-06-06T16:19:26+0200 - 9,00 B
      neostore.relationshipstore.db: 2013-06-06T16:19:28+0200 - 0,00 B
      neostore.relationshipstore.db.id: 2013-06-06T16:19:27+0200 - 9,00 B
      neostore.relationshiptypestore.db: 2013-06-06T16:19:28+0200 - 0,00 B
      neostore.relationshiptypestore.db.id: 2013-06-06T16:19:26+0200 - 9,00 B
      neostore.relationshiptypestore.db.names: 2013-06-06T16:19:28+0200 - 38,00 B
      neostore.relationshiptypestore.db.names.id: 2013-06-06T16:19:26+0200 - 9,00 B
      nioneo_logical.log.1: 2013-06-06T16:19:29+0200 - 16,00 B
      nioneo_logical.log.active: 2013-06-06T16:19:28+0200 - 4,00 B
      store_lock: 2013-06-06T16:19:22+0200 - 0,00 B
      tm_tx_log.1: 2013-06-06T16:19:29+0200 - 0,00 B
2013-06-06 14:19:30.022+0000: --- STARTUP diagnostics for KernelDiagnostics:StoreFiles END ---
2013-06-06 14:19:30.042+0000: Started - database is now available
2013-06-06 14:19:30.044+0000: GC Monitor started. 
2013-06-06 14:19:33.706+0000: Stopping - database is now unavailable
2013-06-06 14:19:33.771+0000: TM shutting down
2013-06-06 14:19:33.786+0000: GC Monitor stopped. 
2013-06-06 14:19:34.134+0000: Closed log D:\Mis Documentos\cole carlos\UNIVERSIDAD\Erasmus\PFC\Proyecto\Server\PruebaSpringWicket\data\graph.db\index\lucene.log
2013-06-06 14:19:34.737+0000: Closed log D:\Mis Documentos\cole carlos\UNIVERSIDAD\Erasmus\PFC\Proyecto\Server\PruebaSpringWicket\data\graph.db\nioneo_logical.log
2013-06-06 14:19:34.746+0000: D:\Mis Documentos\cole carlos\UNIVERSIDAD\Erasmus\PFC\Proyecto\Server\PruebaSpringWicket\data\graph.db\neostore.relationshiptypestore.db.names hit=0 miss=5 switches=0 ooe=0
2013-06-06 14:19:34.935+0000: D:\Mis Documentos\cole carlos\UNIVERSIDAD\Erasmus\PFC\Proyecto\Server\PruebaSpringWicket\data\graph.db\neostore.relationshiptypestore.db hit=0 miss=5 switches=0 ooe=0
2013-06-06 14:19:35.122+0000: D:\Mis Documentos\cole carlos\UNIVERSIDAD\Erasmus\PFC\Proyecto\Server\PruebaSpringWicket\data\graph.db\neostore.propertystore.db.strings hit=0 miss=0 switches=0 ooe=0
2013-06-06 14:19:35.279+0000: D:\Mis Documentos\cole carlos\UNIVERSIDAD\Erasmus\PFC\Proyecto\Server\PruebaSpringWicket\data\graph.db\neostore.propertystore.db.index.keys hit=11 miss=0 switches=0 ooe=0
2013-06-06 14:19:35.424+0000: D:\Mis Documentos\cole carlos\UNIVERSIDAD\Erasmus\PFC\Proyecto\Server\PruebaSpringWicket\data\graph.db\neostore.propertystore.db.index hit=11 miss=0 switches=0 ooe=0
2013-06-06 14:19:36.090+0000: D:\Mis Documentos\cole carlos\UNIVERSIDAD\Erasmus\PFC\Proyecto\Server\PruebaSpringWicket\data\graph.db\neostore.propertystore.db.arrays hit=0 miss=0 switches=0 ooe=0
2013-06-06 14:19:36.424+0000: D:\Mis Documentos\cole carlos\UNIVERSIDAD\Erasmus\PFC\Proyecto\Server\PruebaSpringWicket\data\graph.db\neostore.propertystore.db hit=16 miss=0 switches=0 ooe=0
2013-06-06 14:19:36.590+0000: D:\Mis Documentos\cole carlos\UNIVERSIDAD\Erasmus\PFC\Proyecto\Server\PruebaSpringWicket\data\graph.db\neostore.relationshipstore.db hit=24 miss=0 switches=0 ooe=0
2013-06-06 14:19:36.763+0000: D:\Mis Documentos\cole carlos\UNIVERSIDAD\Erasmus\PFC\Proyecto\Server\PruebaSpringWicket\data\graph.db\neostore.nodestore.db hit=25 miss=0 switches=0 ooe=0
2013-06-06 14:19:36.920+0000: D:\Mis Documentos\cole carlos\UNIVERSIDAD\Erasmus\PFC\Proyecto\Server\PruebaSpringWicket\data\graph.db\neostore hit=0 miss=28 switches=0 ooe=0
2013-06-06 14:19:37.078+0000: NeoStore closed
2013-06-06 14:19:37.079+0000: --- SHUTDOWN diagnostics START ---
2013-06-06 14:19:37.079+0000: --- SHUTDOWN diagnostics END ---
